<?xml version="1.0" encoding="UTF-8"?>
<testng-results ignored="0" total="2" passed="2" failed="0" skipped="0">
  <reporter-output>
  </reporter-output>
  <suite started-at="2025-09-21T22:59:53 EDT" name="Default suite" finished-at="2025-09-21T23:02:28 EDT" duration-ms="154920">
    <groups>
    </groups>
    <test started-at="2025-09-21T22:59:53 EDT" name="Default test" finished-at="2025-09-21T23:02:28 EDT" duration-ms="154920">
      <class name="tests.RecipeScraperOptimizedTest">
        <test-method is-config="true" signature="setUpClass()[pri:0, instance:tests.RecipeScraperOptimizedTest@5669c5fb]" started-at="2025-09-21T22:59:53 EDT" name="setUpClass" finished-at="2025-09-21T22:59:53 EDT" duration-ms="285" status="PASS">
          <reporter-output>
          </reporter-output>
        </test-method> <!-- setUpClass -->
        <test-method is-config="true" signature="setup()[pri:0, instance:tests.RecipeScraperOptimizedTest@5669c5fb]" started-at="2025-09-21T22:59:53 EDT" name="setup" finished-at="2025-09-21T22:59:55 EDT" duration-ms="1334" status="PASS">
          <reporter-output>
          </reporter-output>
        </test-method> <!-- setup -->
        <test-method is-config="true" signature="setUpMethod()[pri:0, instance:tests.RecipeScraperOptimizedTest@5669c5fb]" started-at="2025-09-21T22:59:55 EDT" name="setUpMethod" finished-at="2025-09-21T22:59:56 EDT" duration-ms="1711" status="PASS">
          <reporter-output>
          </reporter-output>
        </test-method> <!-- setUpMethod -->
        <test-method is-config="true" signature="setUpMethod()[pri:0, instance:tests.RecipeScraperOptimizedTest@5669c5fb]" started-at="2025-09-21T22:59:55 EDT" name="setUpMethod" finished-at="2025-09-21T22:59:56 EDT" duration-ms="1711" status="PASS">
          <reporter-output>
          </reporter-output>
        </test-method> <!-- setUpMethod -->
        <test-method signature="scrapeDiet(java.lang.String,java.lang.String,commons.ExcelUtils$DietRules)[pri:0, instance:tests.RecipeScraperOptimizedTest@5669c5fb]" started-at="2025-09-21T22:59:56 EDT" name="scrapeDiet" data-provider="dietData" finished-at="2025-09-21T23:02:28 EDT" duration-ms="151534" status="PASS">
          <params>
            <param index="0">
              <value>
                <![CDATA[LCHF]]>
              </value>
            </param>
            <param index="1">
              <value>
                <![CDATA[https://www.tarladalal.com/recipes/]]>
              </value>
            </param>
            <param index="2">
              <value>
                <![CDATA[commons.ExcelUtils$DietRules@44198c3c]]>
              </value>
            </param>
          </params>
          <reporter-output>
          </reporter-output>
        </test-method> <!-- scrapeDiet -->
        <test-method signature="scrapeDiet(java.lang.String,java.lang.String,commons.ExcelUtils$DietRules)[pri:0, instance:tests.RecipeScraperOptimizedTest@5669c5fb]" started-at="2025-09-21T22:59:56 EDT" name="scrapeDiet" data-provider="dietData" finished-at="2025-09-21T23:00:55 EDT" duration-ms="58775" status="PASS">
          <params>
            <param index="0">
              <value>
                <![CDATA[LFV]]>
              </value>
            </param>
            <param index="1">
              <value>
                <![CDATA[https://www.tarladalal.com/recipes/]]>
              </value>
            </param>
            <param index="2">
              <value>
                <![CDATA[commons.ExcelUtils$DietRules@1c1d12cc]]>
              </value>
            </param>
          </params>
          <reporter-output>
          </reporter-output>
        </test-method> <!-- scrapeDiet -->
        <test-method is-config="true" signature="tearDownMethod()[pri:0, instance:tests.RecipeScraperOptimizedTest@5669c5fb]" started-at="2025-09-21T23:00:55 EDT" name="tearDownMethod" finished-at="2025-09-21T23:00:55 EDT" duration-ms="3" status="PASS">
          <reporter-output>
          </reporter-output>
        </test-method> <!-- tearDownMethod -->
        <test-method is-config="true" signature="tearDownMethod()[pri:0, instance:tests.RecipeScraperOptimizedTest@5669c5fb]" started-at="2025-09-21T23:02:28 EDT" name="tearDownMethod" finished-at="2025-09-21T23:02:28 EDT" duration-ms="0" status="PASS">
          <reporter-output>
          </reporter-output>
        </test-method> <!-- tearDownMethod -->
        <test-method is-config="true" signature="tearDownClass()[pri:0, instance:tests.RecipeScraperOptimizedTest@5669c5fb]" started-at="2025-09-21T23:02:28 EDT" name="tearDownClass" finished-at="2025-09-21T23:02:28 EDT" duration-ms="4" status="PASS">
          <reporter-output>
          </reporter-output>
        </test-method> <!-- tearDownClass -->
      </class> <!-- tests.RecipeScraperOptimizedTest -->
    </test> <!-- Default test -->
  </suite> <!-- Default suite -->
</testng-results>
